2021-06-17 10:05:25.917  INFO 3068 --- [Thread-2] o.s.s.concurrent.ThreadPoolTaskExecutor  : Shutting down ExecutorService 'applicationTaskExecutor'
2021-06-17 10:05:25.951  INFO 3068 --- [Thread-2] j.LocalContainerEntityManagerFactoryBean : Closing JPA EntityManagerFactory for persistence unit 'default'
2021-06-17 10:05:25.969  INFO 3068 --- [Thread-2] com.zaxxer.hikari.HikariDataSource       : HikariPool-1 - Shutdown initiated...
2021-06-17 10:05:25.974  INFO 3068 --- [Thread-2] com.zaxxer.hikari.HikariDataSource       : HikariPool-1 - Shutdown completed.
2021-06-17 10:27:39.536  INFO 44090 --- [main] c.b.backend.NewDealBackendApplication    : Starting NewDealBackendApplication on gimmingyuui-MacBookPro.local with PID 44090 (/Users/broadwave/Downloads/project/newdeal-backend/target/classes started by broadwave in /Users/broadwave/Downloads/project/newdeal-backend)
2021-06-17 10:27:39.540  INFO 44090 --- [main] c.b.backend.NewDealBackendApplication    : No active profile set, falling back to default profiles: default
2021-06-17 10:27:40.414  INFO 44090 --- [main] .s.d.r.c.RepositoryConfigurationDelegate : Bootstrapping Spring Data repositories in DEFAULT mode.
2021-06-17 10:27:40.532  INFO 44090 --- [main] .s.d.r.c.RepositoryConfigurationDelegate : Finished Spring Data repository scanning in 108ms. Found 2 repository interfaces.
2021-06-17 10:27:40.807  INFO 44090 --- [main] trationDelegate$BeanPostProcessorChecker : Bean 'org.springframework.transaction.annotation.ProxyTransactionManagementConfiguration' of type [org.springframework.transaction.annotation.ProxyTransactionManagementConfiguration$$EnhancerBySpringCGLIB$$a7d11cea] is not eligible for getting processed by all BeanPostProcessors (for example: not eligible for auto-proxying)
2021-06-17 10:27:41.099  INFO 44090 --- [main] o.s.b.w.embedded.tomcat.TomcatWebServer  : Tomcat initialized with port(s): 8011 (http)
2021-06-17 10:27:41.122  INFO 44090 --- [main] o.apache.catalina.core.StandardService   : Starting service [Tomcat]
2021-06-17 10:27:41.122  INFO 44090 --- [main] org.apache.catalina.core.StandardEngine  : Starting Servlet engine: [Apache Tomcat/9.0.16]
2021-06-17 10:27:41.127  INFO 44090 --- [main] o.a.catalina.core.AprLifecycleListener   : The APR based Apache Tomcat Native library which allows optimal performance in production environments was not found on the java.library.path: [/Users/broadwave/Library/Java/Extensions:/Library/Java/Extensions:/Network/Library/Java/Extensions:/System/Library/Java/Extensions:/usr/lib/java:.]
2021-06-17 10:27:41.229  INFO 44090 --- [main] o.a.c.c.C.[Tomcat].[localhost].[/]       : Initializing Spring embedded WebApplicationContext
2021-06-17 10:27:41.229  INFO 44090 --- [main] o.s.web.context.ContextLoader            : Root WebApplicationContext: initialization completed in 1653 ms
2021-06-17 10:27:41.336  INFO 44090 --- [main] com.zaxxer.hikari.HikariDataSource       : HikariPool-1 - Starting...
2021-06-17 10:27:41.385  INFO 44090 --- [main] com.zaxxer.hikari.HikariDataSource       : HikariPool-1 - Start completed.
2021-06-17 10:27:41.417  INFO 44090 --- [main] o.hibernate.jpa.internal.util.LogHelper  : HHH000204: Processing PersistenceUnitInfo [
	name: default
	...]
2021-06-17 10:27:41.449  INFO 44090 --- [main] org.hibernate.Version                    : HHH000412: Hibernate Core {5.3.7.Final}
2021-06-17 10:27:41.450  INFO 44090 --- [main] org.hibernate.cfg.Environment            : HHH000206: hibernate.properties not found
2021-06-17 10:27:41.523  INFO 44090 --- [main] o.hibernate.annotations.common.Version   : HCANN000001: Hibernate Commons Annotations {5.0.4.Final}
2021-06-17 10:27:41.609  INFO 44090 --- [main] org.hibernate.dialect.Dialect            : HHH000400: Using dialect: org.hibernate.dialect.MySQL5InnoDBDialect
2021-06-17 10:27:42.141  INFO 44090 --- [main] j.LocalContainerEntityManagerFactoryBean : Initialized JPA EntityManagerFactory for persistence unit 'default'
2021-06-17 10:27:42.521  INFO 44090 --- [main] c.b.b.teams.teamfile.TeamFileService     : PATH :: /Users/broadwave/Downloads/project/testFile/
2021-06-17 10:27:42.824  INFO 44090 --- [main] o.s.s.concurrent.ThreadPoolTaskExecutor  : Initializing ExecutorService 'applicationTaskExecutor'
2021-06-17 10:27:42.860  WARN 44090 --- [main] aWebConfiguration$JpaWebMvcConfiguration : spring.jpa.open-in-view is enabled by default. Therefore, database queries may be performed during view rendering. Explicitly configure spring.jpa.open-in-view to disable this warning
2021-06-17 10:27:43.002  INFO 44090 --- [main] o.s.b.w.embedded.tomcat.TomcatWebServer  : Tomcat started on port(s): 8011 (http) with context path ''
2021-06-17 10:27:43.005  INFO 44090 --- [main] c.b.backend.NewDealBackendApplication    : Started NewDealBackendApplication in 3.776 seconds (JVM running for 4.404)
2021-06-17 10:44:31.515  INFO 44090 --- [Thread-2] o.s.s.concurrent.ThreadPoolTaskExecutor  : Shutting down ExecutorService 'applicationTaskExecutor'
2021-06-17 10:44:31.518  INFO 44090 --- [Thread-2] j.LocalContainerEntityManagerFactoryBean : Closing JPA EntityManagerFactory for persistence unit 'default'
2021-06-17 10:44:31.524  INFO 44090 --- [Thread-2] com.zaxxer.hikari.HikariDataSource       : HikariPool-1 - Shutdown initiated...
2021-06-17 10:44:31.534  INFO 44090 --- [Thread-2] com.zaxxer.hikari.HikariDataSource       : HikariPool-1 - Shutdown completed.
2021-06-17 10:44:36.130  INFO 44805 --- [main] c.b.backend.NewDealBackendApplication    : Starting NewDealBackendApplication on gimmingyuui-MacBookPro.local with PID 44805 (/Users/broadwave/Downloads/project/newdeal-backend/target/classes started by broadwave in /Users/broadwave/Downloads/project/newdeal-backend)
2021-06-17 10:44:36.134  INFO 44805 --- [main] c.b.backend.NewDealBackendApplication    : No active profile set, falling back to default profiles: default
2021-06-17 10:44:37.266  INFO 44805 --- [main] .s.d.r.c.RepositoryConfigurationDelegate : Bootstrapping Spring Data repositories in DEFAULT mode.
2021-06-17 10:44:37.510  INFO 44805 --- [main] .s.d.r.c.RepositoryConfigurationDelegate : Finished Spring Data repository scanning in 225ms. Found 2 repository interfaces.
2021-06-17 10:44:38.841  INFO 44805 --- [main] trationDelegate$BeanPostProcessorChecker : Bean 'org.springframework.transaction.annotation.ProxyTransactionManagementConfiguration' of type [org.springframework.transaction.annotation.ProxyTransactionManagementConfiguration$$EnhancerBySpringCGLIB$$23e0b8c8] is not eligible for getting processed by all BeanPostProcessors (for example: not eligible for auto-proxying)
2021-06-17 10:44:39.726  INFO 44805 --- [main] o.s.b.w.embedded.tomcat.TomcatWebServer  : Tomcat initialized with port(s): 8011 (http)
2021-06-17 10:44:39.762  INFO 44805 --- [main] o.apache.catalina.core.StandardService   : Starting service [Tomcat]
2021-06-17 10:44:39.763  INFO 44805 --- [main] org.apache.catalina.core.StandardEngine  : Starting Servlet engine: [Apache Tomcat/9.0.16]
2021-06-17 10:44:39.772  INFO 44805 --- [main] o.a.catalina.core.AprLifecycleListener   : The APR based Apache Tomcat Native library which allows optimal performance in production environments was not found on the java.library.path: [/Users/broadwave/Library/Java/Extensions:/Library/Java/Extensions:/Network/Library/Java/Extensions:/System/Library/Java/Extensions:/usr/lib/java:.]
2021-06-17 10:44:39.964  INFO 44805 --- [main] o.a.c.c.C.[Tomcat].[localhost].[/]       : Initializing Spring embedded WebApplicationContext
2021-06-17 10:44:39.965  INFO 44805 --- [main] o.s.web.context.ContextLoader            : Root WebApplicationContext: initialization completed in 3790 ms
2021-06-17 10:44:40.101  INFO 44805 --- [main] com.zaxxer.hikari.HikariDataSource       : HikariPool-1 - Starting...
2021-06-17 10:44:40.293  INFO 44805 --- [main] com.zaxxer.hikari.HikariDataSource       : HikariPool-1 - Start completed.
2021-06-17 10:44:40.332  INFO 44805 --- [main] o.hibernate.jpa.internal.util.LogHelper  : HHH000204: Processing PersistenceUnitInfo [
	name: default
	...]
2021-06-17 10:44:40.382  INFO 44805 --- [main] org.hibernate.Version                    : HHH000412: Hibernate Core {5.3.7.Final}
2021-06-17 10:44:40.383  INFO 44805 --- [main] org.hibernate.cfg.Environment            : HHH000206: hibernate.properties not found
2021-06-17 10:44:40.492  INFO 44805 --- [main] o.hibernate.annotations.common.Version   : HCANN000001: Hibernate Commons Annotations {5.0.4.Final}
2021-06-17 10:44:40.634  INFO 44805 --- [main] org.hibernate.dialect.Dialect            : HHH000400: Using dialect: org.hibernate.dialect.MySQL5InnoDBDialect
2021-06-17 10:44:41.477  INFO 44805 --- [main] j.LocalContainerEntityManagerFactoryBean : Initialized JPA EntityManagerFactory for persistence unit 'default'
2021-06-17 10:44:41.868  INFO 44805 --- [main] c.b.b.teams.teamfile.TeamFileService     : PATH :: /Users/broadwave/Downloads/project/testFile/
2021-06-17 10:44:42.117  INFO 44805 --- [main] o.s.s.concurrent.ThreadPoolTaskExecutor  : Initializing ExecutorService 'applicationTaskExecutor'
2021-06-17 10:44:42.148  WARN 44805 --- [main] aWebConfiguration$JpaWebMvcConfiguration : spring.jpa.open-in-view is enabled by default. Therefore, database queries may be performed during view rendering. Explicitly configure spring.jpa.open-in-view to disable this warning
2021-06-17 10:44:42.283  INFO 44805 --- [main] o.s.b.w.embedded.tomcat.TomcatWebServer  : Tomcat started on port(s): 8011 (http) with context path ''
2021-06-17 10:44:42.287  INFO 44805 --- [main] c.b.backend.NewDealBackendApplication    : Started NewDealBackendApplication in 6.557 seconds (JVM running for 8.065)
2021-06-17 11:30:33.558  INFO 48078 --- [main] c.b.backend.InfraBackendApplicationTest  : Starting InfraBackendApplicationTest on gimmingyuui-MacBookPro.local with PID 48078 (started by broadwave in /Users/broadwave/Downloads/project/newdeal-backend)
2021-06-17 11:30:33.560  INFO 48078 --- [main] c.b.backend.InfraBackendApplicationTest  : No active profile set, falling back to default profiles: default
2021-06-17 11:30:34.150  INFO 48078 --- [main] .s.d.r.c.RepositoryConfigurationDelegate : Bootstrapping Spring Data repositories in DEFAULT mode.
2021-06-17 11:30:34.231  INFO 48078 --- [main] .s.d.r.c.RepositoryConfigurationDelegate : Finished Spring Data repository scanning in 73ms. Found 2 repository interfaces.
2021-06-17 11:30:34.596  INFO 48078 --- [main] trationDelegate$BeanPostProcessorChecker : Bean 'org.springframework.transaction.annotation.ProxyTransactionManagementConfiguration' of type [org.springframework.transaction.annotation.ProxyTransactionManagementConfiguration$$EnhancerBySpringCGLIB$$3895dd75] is not eligible for getting processed by all BeanPostProcessors (for example: not eligible for auto-proxying)
2021-06-17 11:30:34.762  INFO 48078 --- [main] com.zaxxer.hikari.HikariDataSource       : HikariPool-1 - Starting...
2021-06-17 11:30:34.861  INFO 48078 --- [main] com.zaxxer.hikari.HikariDataSource       : HikariPool-1 - Start completed.
2021-06-17 11:30:34.922  INFO 48078 --- [main] o.hibernate.jpa.internal.util.LogHelper  : HHH000204: Processing PersistenceUnitInfo [
	name: default
	...]
2021-06-17 11:30:34.980  INFO 48078 --- [main] org.hibernate.Version                    : HHH000412: Hibernate Core {5.3.7.Final}
2021-06-17 11:30:34.981  INFO 48078 --- [main] org.hibernate.cfg.Environment            : HHH000206: hibernate.properties not found
2021-06-17 11:30:35.141  INFO 48078 --- [main] o.hibernate.annotations.common.Version   : HCANN000001: Hibernate Commons Annotations {5.0.4.Final}
2021-06-17 11:30:35.262  INFO 48078 --- [main] org.hibernate.dialect.Dialect            : HHH000400: Using dialect: org.hibernate.dialect.MySQL5InnoDBDialect
2021-06-17 11:30:35.884  INFO 48078 --- [main] j.LocalContainerEntityManagerFactoryBean : Initialized JPA EntityManagerFactory for persistence unit 'default'
2021-06-17 11:30:36.347  INFO 48078 --- [main] c.b.b.teams.teamfile.TeamFileService     : PATH :: /Users/broadwave/Downloads/project/testFile/
2021-06-17 11:30:36.802  INFO 48078 --- [main] o.s.s.concurrent.ThreadPoolTaskExecutor  : Initializing ExecutorService 'applicationTaskExecutor'
2021-06-17 11:30:36.849  WARN 48078 --- [main] aWebConfiguration$JpaWebMvcConfiguration : spring.jpa.open-in-view is enabled by default. Therefore, database queries may be performed during view rendering. Explicitly configure spring.jpa.open-in-view to disable this warning
2021-06-17 11:30:37.066  INFO 48078 --- [main] c.b.backend.InfraBackendApplicationTest  : Started InfraBackendApplicationTest in 3.809 seconds (JVM running for 4.558)
2021-06-17 11:30:37.152  INFO 48078 --- [main] .b.t.c.SpringBootTestContextBootstrapper : Neither @ContextConfiguration nor @ContextHierarchy found for test class [com.broadwave.backend.teams.TeamRestControllerTest], using SpringBootContextLoader
2021-06-17 11:30:37.153  INFO 48078 --- [main] o.s.t.c.support.AbstractContextLoader    : Could not detect default resource locations for test class [com.broadwave.backend.teams.TeamRestControllerTest]: no resource found for suffixes {-context.xml, Context.groovy}.
2021-06-17 11:30:37.153  INFO 48078 --- [main] t.c.s.AnnotationConfigContextLoaderUtils : Could not detect default configuration classes for test class [com.broadwave.backend.teams.TeamRestControllerTest]: TeamRestControllerTest does not declare any static, non-private, non-final, nested classes annotated with @Configuration.
2021-06-17 11:30:37.173  INFO 48078 --- [main] .b.t.c.SpringBootTestContextBootstrapper : Found @SpringBootConfiguration com.broadwave.backend.NewDealBackendApplication for test class com.broadwave.backend.teams.TeamRestControllerTest
2021-06-17 11:30:37.175  INFO 48078 --- [main] .b.t.c.SpringBootTestContextBootstrapper : Loaded default TestExecutionListener class names from location [META-INF/spring.factories]: [org.springframework.boot.test.mock.mockito.MockitoTestExecutionListener, org.springframework.boot.test.mock.mockito.ResetMocksTestExecutionListener, org.springframework.boot.test.autoconfigure.restdocs.RestDocsTestExecutionListener, org.springframework.boot.test.autoconfigure.web.client.MockRestServiceServerResetTestExecutionListener, org.springframework.boot.test.autoconfigure.web.servlet.MockMvcPrintOnlyOnFailureTestExecutionListener, org.springframework.boot.test.autoconfigure.web.servlet.WebDriverTestExecutionListener, org.springframework.test.context.web.ServletTestExecutionListener, org.springframework.test.context.support.DirtiesContextBeforeModesTestExecutionListener, org.springframework.test.context.support.DependencyInjectionTestExecutionListener, org.springframework.test.context.support.DirtiesContextTestExecutionListener, org.springframework.test.context.transaction.TransactionalTestExecutionListener, org.springframework.test.context.jdbc.SqlScriptsTestExecutionListener]
2021-06-17 11:30:37.176  INFO 48078 --- [main] .b.t.c.SpringBootTestContextBootstrapper : Using TestExecutionListeners: [org.springframework.test.context.web.ServletTestExecutionListener@1b96d447, org.springframework.test.context.support.DirtiesContextBeforeModesTestExecutionListener@4a68cbc5, org.springframework.boot.test.mock.mockito.MockitoTestExecutionListener@3a47bf0e, org.springframework.boot.test.autoconfigure.SpringBootDependencyInjectionTestExecutionListener@4270705f, org.springframework.test.context.support.DirtiesContextTestExecutionListener@6f69b0ba, org.springframework.test.context.transaction.TransactionalTestExecutionListener@63537871, org.springframework.test.context.jdbc.SqlScriptsTestExecutionListener@64eb14da, org.springframework.boot.test.mock.mockito.ResetMocksTestExecutionListener@25587290, org.springframework.boot.test.autoconfigure.restdocs.RestDocsTestExecutionListener@716eae1, org.springframework.boot.test.autoconfigure.web.client.MockRestServiceServerResetTestExecutionListener@7ffe8a82, org.springframework.boot.test.autoconfigure.web.servlet.MockMvcPrintOnlyOnFailureTestExecutionListener@430f0c63, org.springframework.boot.test.autoconfigure.web.servlet.WebDriverTestExecutionListener@25a52a60]
2021-06-17 11:30:37.197  INFO 48078 --- [main] c.b.b.teams.TeamRestControllerTest       : Starting TeamRestControllerTest on gimmingyuui-MacBookPro.local with PID 48078 (started by broadwave in /Users/broadwave/Downloads/project/newdeal-backend)
2021-06-17 11:30:37.197  INFO 48078 --- [main] c.b.b.teams.TeamRestControllerTest       : The following profiles are active: test
2021-06-17 11:30:37.382  INFO 48078 --- [main] .s.d.r.c.RepositoryConfigurationDelegate : Bootstrapping Spring Data repositories in DEFAULT mode.
2021-06-17 11:30:37.402  INFO 48078 --- [main] .s.d.r.c.RepositoryConfigurationDelegate : Finished Spring Data repository scanning in 20ms. Found 2 repository interfaces.
2021-06-17 11:30:37.452  INFO 48078 --- [main] trationDelegate$BeanPostProcessorChecker : Bean 'org.springframework.transaction.annotation.ProxyTransactionManagementConfiguration' of type [org.springframework.transaction.annotation.ProxyTransactionManagementConfiguration$$EnhancerBySpringCGLIB$$3895dd75] is not eligible for getting processed by all BeanPostProcessors (for example: not eligible for auto-proxying)
2021-06-17 11:30:37.501  INFO 48078 --- [main] com.zaxxer.hikari.HikariDataSource       : HikariPool-2 - Starting...
2021-06-17 11:30:37.515  INFO 48078 --- [main] com.zaxxer.hikari.HikariDataSource       : HikariPool-2 - Start completed.
2021-06-17 11:30:37.527  INFO 48078 --- [main] o.hibernate.jpa.internal.util.LogHelper  : HHH000204: Processing PersistenceUnitInfo [
	name: default
	...]
2021-06-17 11:30:37.532  INFO 48078 --- [main] org.hibernate.dialect.Dialect            : HHH000400: Using dialect: org.hibernate.dialect.MySQL5InnoDBDialect
2021-06-17 11:30:37.603  INFO 48078 --- [main] j.LocalContainerEntityManagerFactoryBean : Initialized JPA EntityManagerFactory for persistence unit 'default'
2021-06-17 11:30:37.692  INFO 48078 --- [main] c.b.b.teams.teamfile.TeamFileService     : PATH :: /Users/broadwave/Downloads/project/testFile/
2021-06-17 11:30:38.060  INFO 48078 --- [main] o.s.s.concurrent.ThreadPoolTaskExecutor  : Initializing ExecutorService 'applicationTaskExecutor'
2021-06-17 11:30:38.069  WARN 48078 --- [main] aWebConfiguration$JpaWebMvcConfiguration : spring.jpa.open-in-view is enabled by default. Therefore, database queries may be performed during view rendering. Explicitly configure spring.jpa.open-in-view to disable this warning
2021-06-17 11:30:38.245  INFO 48078 --- [main] o.s.b.t.m.w.SpringBootMockServletContext : Initializing Spring TestDispatcherServlet ''
2021-06-17 11:30:38.245  INFO 48078 --- [main] o.s.t.web.servlet.TestDispatcherServlet  : Initializing Servlet ''
2021-06-17 11:30:38.255  INFO 48078 --- [main] o.s.t.web.servlet.TestDispatcherServlet  : Completed initialization in 10 ms
2021-06-17 11:30:38.267  INFO 48078 --- [main] c.b.b.teams.TeamRestControllerTest       : Started TeamRestControllerTest in 1.088 seconds (JVM running for 5.759)
2021-06-17 11:30:38.329  INFO 48078 --- [main] .b.t.c.SpringBootTestContextBootstrapper : Neither @ContextConfiguration nor @ContextHierarchy found for test class [com.broadwave.backend.teams.TeamServiceTest], using SpringBootContextLoader
2021-06-17 11:30:38.330  INFO 48078 --- [main] o.s.t.c.support.AbstractContextLoader    : Could not detect default resource locations for test class [com.broadwave.backend.teams.TeamServiceTest]: no resource found for suffixes {-context.xml, Context.groovy}.
2021-06-17 11:30:38.331  INFO 48078 --- [main] t.c.s.AnnotationConfigContextLoaderUtils : Could not detect default configuration classes for test class [com.broadwave.backend.teams.TeamServiceTest]: TeamServiceTest does not declare any static, non-private, non-final, nested classes annotated with @Configuration.
2021-06-17 11:30:38.332  INFO 48078 --- [main] .b.t.c.SpringBootTestContextBootstrapper : Found @SpringBootConfiguration com.broadwave.backend.NewDealBackendApplication for test class com.broadwave.backend.teams.TeamServiceTest
2021-06-17 11:30:38.334  INFO 48078 --- [main] .b.t.c.SpringBootTestContextBootstrapper : Loaded default TestExecutionListener class names from location [META-INF/spring.factories]: [org.springframework.boot.test.mock.mockito.MockitoTestExecutionListener, org.springframework.boot.test.mock.mockito.ResetMocksTestExecutionListener, org.springframework.boot.test.autoconfigure.restdocs.RestDocsTestExecutionListener, org.springframework.boot.test.autoconfigure.web.client.MockRestServiceServerResetTestExecutionListener, org.springframework.boot.test.autoconfigure.web.servlet.MockMvcPrintOnlyOnFailureTestExecutionListener, org.springframework.boot.test.autoconfigure.web.servlet.WebDriverTestExecutionListener, org.springframework.test.context.web.ServletTestExecutionListener, org.springframework.test.context.support.DirtiesContextBeforeModesTestExecutionListener, org.springframework.test.context.support.DependencyInjectionTestExecutionListener, org.springframework.test.context.support.DirtiesContextTestExecutionListener, org.springframework.test.context.transaction.TransactionalTestExecutionListener, org.springframework.test.context.jdbc.SqlScriptsTestExecutionListener]
2021-06-17 11:30:38.334  INFO 48078 --- [main] .b.t.c.SpringBootTestContextBootstrapper : Using TestExecutionListeners: [org.springframework.test.context.web.ServletTestExecutionListener@36f438f1, org.springframework.test.context.support.DirtiesContextBeforeModesTestExecutionListener@53654b2d, org.springframework.boot.test.mock.mockito.MockitoTestExecutionListener@45b2b0ed, org.springframework.boot.test.autoconfigure.SpringBootDependencyInjectionTestExecutionListener@33478a2f, org.springframework.test.context.support.DirtiesContextTestExecutionListener@24e31f06, org.springframework.test.context.transaction.TransactionalTestExecutionListener@5d260494, org.springframework.test.context.jdbc.SqlScriptsTestExecutionListener@d43f205, org.springframework.boot.test.mock.mockito.ResetMocksTestExecutionListener@2da0770, org.springframework.boot.test.autoconfigure.restdocs.RestDocsTestExecutionListener@3efd3302, org.springframework.boot.test.autoconfigure.web.client.MockRestServiceServerResetTestExecutionListener@531292ed, org.springframework.boot.test.autoconfigure.web.servlet.MockMvcPrintOnlyOnFailureTestExecutionListener@41538150, org.springframework.boot.test.autoconfigure.web.servlet.WebDriverTestExecutionListener@1360ef8d]
2021-06-17 11:30:38.357  INFO 48078 --- [main] c.b.backend.teams.TeamServiceTest        : Starting TeamServiceTest on gimmingyuui-MacBookPro.local with PID 48078 (started by broadwave in /Users/broadwave/Downloads/project/newdeal-backend)
2021-06-17 11:30:38.358  INFO 48078 --- [main] c.b.backend.teams.TeamServiceTest        : The following profiles are active: test
2021-06-17 11:30:38.590  INFO 48078 --- [main] .s.d.r.c.RepositoryConfigurationDelegate : Bootstrapping Spring Data repositories in DEFAULT mode.
2021-06-17 11:30:38.633  INFO 48078 --- [main] .s.d.r.c.RepositoryConfigurationDelegate : Finished Spring Data repository scanning in 42ms. Found 2 repository interfaces.
2021-06-17 11:30:38.780  INFO 48078 --- [main] trationDelegate$BeanPostProcessorChecker : Bean 'org.springframework.transaction.annotation.ProxyTransactionManagementConfiguration' of type [org.springframework.transaction.annotation.ProxyTransactionManagementConfiguration$$EnhancerBySpringCGLIB$$3895dd75] is not eligible for getting processed by all BeanPostProcessors (for example: not eligible for auto-proxying)
2021-06-17 11:30:38.861  INFO 48078 --- [main] com.zaxxer.hikari.HikariDataSource       : HikariPool-3 - Starting...
2021-06-17 11:30:38.876  INFO 48078 --- [main] com.zaxxer.hikari.HikariDataSource       : HikariPool-3 - Start completed.
2021-06-17 11:30:38.892  INFO 48078 --- [main] o.hibernate.jpa.internal.util.LogHelper  : HHH000204: Processing PersistenceUnitInfo [
	name: default
	...]
2021-06-17 11:30:38.897  INFO 48078 --- [main] org.hibernate.dialect.Dialect            : HHH000400: Using dialect: org.hibernate.dialect.MySQL5InnoDBDialect
2021-06-17 11:30:38.983  INFO 48078 --- [main] j.LocalContainerEntityManagerFactoryBean : Initialized JPA EntityManagerFactory for persistence unit 'default'
2021-06-17 11:30:39.049  INFO 48078 --- [main] c.b.b.teams.teamfile.TeamFileService     : PATH :: /Users/broadwave/Downloads/project/testFile/
2021-06-17 11:30:39.280  INFO 48078 --- [main] o.s.s.concurrent.ThreadPoolTaskExecutor  : Initializing ExecutorService 'applicationTaskExecutor'
2021-06-17 11:30:39.287  WARN 48078 --- [main] aWebConfiguration$JpaWebMvcConfiguration : spring.jpa.open-in-view is enabled by default. Therefore, database queries may be performed during view rendering. Explicitly configure spring.jpa.open-in-view to disable this warning
2021-06-17 11:30:39.405  INFO 48078 --- [main] c.b.backend.teams.TeamServiceTest        : Started TeamServiceTest in 1.069 seconds (JVM running for 6.897)
2021-06-17 11:30:39.596  INFO 48078 --- [main] o.h.h.i.QueryTranslatorFactoryInitiator  : HHH000397: Using ASTQueryTranslatorFactory
2021-06-17 11:30:39.796  INFO 48078 --- [Thread-4] o.s.s.concurrent.ThreadPoolTaskExecutor  : Shutting down ExecutorService 'applicationTaskExecutor'
2021-06-17 11:30:39.796  INFO 48078 --- [Thread-1] o.s.s.concurrent.ThreadPoolTaskExecutor  : Shutting down ExecutorService 'applicationTaskExecutor'
2021-06-17 11:30:39.796  INFO 48078 --- [Thread-6] o.s.s.concurrent.ThreadPoolTaskExecutor  : Shutting down ExecutorService 'applicationTaskExecutor'
2021-06-17 11:30:39.797  INFO 48078 --- [Thread-6] j.LocalContainerEntityManagerFactoryBean : Closing JPA EntityManagerFactory for persistence unit 'default'
2021-06-17 11:30:39.797  INFO 48078 --- [Thread-1] j.LocalContainerEntityManagerFactoryBean : Closing JPA EntityManagerFactory for persistence unit 'default'
2021-06-17 11:30:39.797  INFO 48078 --- [Thread-4] j.LocalContainerEntityManagerFactoryBean : Closing JPA EntityManagerFactory for persistence unit 'default'
2021-06-17 11:30:39.800  INFO 48078 --- [Thread-1] com.zaxxer.hikari.HikariDataSource       : HikariPool-1 - Shutdown initiated...
2021-06-17 11:30:39.800  INFO 48078 --- [Thread-6] com.zaxxer.hikari.HikariDataSource       : HikariPool-3 - Shutdown initiated...
2021-06-17 11:30:39.800  INFO 48078 --- [Thread-4] com.zaxxer.hikari.HikariDataSource       : HikariPool-2 - Shutdown initiated...
2021-06-17 11:30:39.840  INFO 48078 --- [Thread-4] com.zaxxer.hikari.HikariDataSource       : HikariPool-2 - Shutdown completed.
2021-06-17 11:30:39.840  INFO 48078 --- [Thread-6] com.zaxxer.hikari.HikariDataSource       : HikariPool-3 - Shutdown completed.
2021-06-17 11:30:39.840  INFO 48078 --- [Thread-1] com.zaxxer.hikari.HikariDataSource       : HikariPool-1 - Shutdown completed.
2021-06-17 11:30:50.183  INFO 48101 --- [main] c.b.backend.InfraBackendApplicationTest  : Starting InfraBackendApplicationTest on gimmingyuui-MacBookPro.local with PID 48101 (started by broadwave in /Users/broadwave/Downloads/project/newdeal-backend)
2021-06-17 11:30:50.185  INFO 48101 --- [main] c.b.backend.InfraBackendApplicationTest  : No active profile set, falling back to default profiles: default
2021-06-17 11:30:50.853  INFO 48101 --- [main] .s.d.r.c.RepositoryConfigurationDelegate : Bootstrapping Spring Data repositories in DEFAULT mode.
2021-06-17 11:30:50.947  INFO 48101 --- [main] .s.d.r.c.RepositoryConfigurationDelegate : Finished Spring Data repository scanning in 87ms. Found 2 repository interfaces.
2021-06-17 11:30:51.310  INFO 48101 --- [main] trationDelegate$BeanPostProcessorChecker : Bean 'org.springframework.transaction.annotation.ProxyTransactionManagementConfiguration' of type [org.springframework.transaction.annotation.ProxyTransactionManagementConfiguration$$EnhancerBySpringCGLIB$$20476b87] is not eligible for getting processed by all BeanPostProcessors (for example: not eligible for auto-proxying)
2021-06-17 11:30:51.484  INFO 48101 --- [main] com.zaxxer.hikari.HikariDataSource       : HikariPool-1 - Starting...
2021-06-17 11:30:51.573  INFO 48101 --- [main] com.zaxxer.hikari.HikariDataSource       : HikariPool-1 - Start completed.
2021-06-17 11:30:51.638  INFO 48101 --- [main] o.hibernate.jpa.internal.util.LogHelper  : HHH000204: Processing PersistenceUnitInfo [
	name: default
	...]
2021-06-17 11:30:51.693  INFO 48101 --- [main] org.hibernate.Version                    : HHH000412: Hibernate Core {5.3.7.Final}
2021-06-17 11:30:51.695  INFO 48101 --- [main] org.hibernate.cfg.Environment            : HHH000206: hibernate.properties not found
2021-06-17 11:30:51.824  INFO 48101 --- [main] o.hibernate.annotations.common.Version   : HCANN000001: Hibernate Commons Annotations {5.0.4.Final}
2021-06-17 11:30:51.938  INFO 48101 --- [main] org.hibernate.dialect.Dialect            : HHH000400: Using dialect: org.hibernate.dialect.MySQL5InnoDBDialect
2021-06-17 11:30:52.538  INFO 48101 --- [main] j.LocalContainerEntityManagerFactoryBean : Initialized JPA EntityManagerFactory for persistence unit 'default'
2021-06-17 11:30:53.004  INFO 48101 --- [main] c.b.b.teams.teamfile.TeamFileService     : PATH :: /Users/broadwave/Downloads/project/testFile/
2021-06-17 11:30:53.476  INFO 48101 --- [main] o.s.s.concurrent.ThreadPoolTaskExecutor  : Initializing ExecutorService 'applicationTaskExecutor'
2021-06-17 11:30:53.519  WARN 48101 --- [main] aWebConfiguration$JpaWebMvcConfiguration : spring.jpa.open-in-view is enabled by default. Therefore, database queries may be performed during view rendering. Explicitly configure spring.jpa.open-in-view to disable this warning
2021-06-17 11:30:53.773  INFO 48101 --- [main] c.b.backend.InfraBackendApplicationTest  : Started InfraBackendApplicationTest in 3.927 seconds (JVM running for 4.751)
2021-06-17 11:30:53.845  INFO 48101 --- [main] .b.t.c.SpringBootTestContextBootstrapper : Neither @ContextConfiguration nor @ContextHierarchy found for test class [com.broadwave.backend.teams.TeamRestControllerTest], using SpringBootContextLoader
2021-06-17 11:30:53.846  INFO 48101 --- [main] o.s.t.c.support.AbstractContextLoader    : Could not detect default resource locations for test class [com.broadwave.backend.teams.TeamRestControllerTest]: no resource found for suffixes {-context.xml, Context.groovy}.
2021-06-17 11:30:53.846  INFO 48101 --- [main] t.c.s.AnnotationConfigContextLoaderUtils : Could not detect default configuration classes for test class [com.broadwave.backend.teams.TeamRestControllerTest]: TeamRestControllerTest does not declare any static, non-private, non-final, nested classes annotated with @Configuration.
2021-06-17 11:30:53.870  INFO 48101 --- [main] .b.t.c.SpringBootTestContextBootstrapper : Found @SpringBootConfiguration com.broadwave.backend.NewDealBackendApplication for test class com.broadwave.backend.teams.TeamRestControllerTest
2021-06-17 11:30:53.871  INFO 48101 --- [main] .b.t.c.SpringBootTestContextBootstrapper : Loaded default TestExecutionListener class names from location [META-INF/spring.factories]: [org.springframework.boot.test.mock.mockito.MockitoTestExecutionListener, org.springframework.boot.test.mock.mockito.ResetMocksTestExecutionListener, org.springframework.boot.test.autoconfigure.restdocs.RestDocsTestExecutionListener, org.springframework.boot.test.autoconfigure.web.client.MockRestServiceServerResetTestExecutionListener, org.springframework.boot.test.autoconfigure.web.servlet.MockMvcPrintOnlyOnFailureTestExecutionListener, org.springframework.boot.test.autoconfigure.web.servlet.WebDriverTestExecutionListener, org.springframework.test.context.web.ServletTestExecutionListener, org.springframework.test.context.support.DirtiesContextBeforeModesTestExecutionListener, org.springframework.test.context.support.DependencyInjectionTestExecutionListener, org.springframework.test.context.support.DirtiesContextTestExecutionListener, org.springframework.test.context.transaction.TransactionalTestExecutionListener, org.springframework.test.context.jdbc.SqlScriptsTestExecutionListener]
2021-06-17 11:30:53.872  INFO 48101 --- [main] .b.t.c.SpringBootTestContextBootstrapper : Using TestExecutionListeners: [org.springframework.test.context.web.ServletTestExecutionListener@6987b74e, org.springframework.test.context.support.DirtiesContextBeforeModesTestExecutionListener@22e95960, org.springframework.boot.test.mock.mockito.MockitoTestExecutionListener@63846fa4, org.springframework.boot.test.autoconfigure.SpringBootDependencyInjectionTestExecutionListener@206b959c, org.springframework.test.context.support.DirtiesContextTestExecutionListener@74026b18, org.springframework.test.context.transaction.TransactionalTestExecutionListener@1cc81ea1, org.springframework.test.context.jdbc.SqlScriptsTestExecutionListener@5cf1bbd3, org.springframework.boot.test.mock.mockito.ResetMocksTestExecutionListener@204a02a4, org.springframework.boot.test.autoconfigure.restdocs.RestDocsTestExecutionListener@4777f71e, org.springframework.boot.test.autoconfigure.web.client.MockRestServiceServerResetTestExecutionListener@1b96d447, org.springframework.boot.test.autoconfigure.web.servlet.MockMvcPrintOnlyOnFailureTestExecutionListener@4a68cbc5, org.springframework.boot.test.autoconfigure.web.servlet.WebDriverTestExecutionListener@3a47bf0e]
2021-06-17 11:30:53.897  INFO 48101 --- [main] c.b.b.teams.TeamRestControllerTest       : Starting TeamRestControllerTest on gimmingyuui-MacBookPro.local with PID 48101 (started by broadwave in /Users/broadwave/Downloads/project/newdeal-backend)
2021-06-17 11:30:53.897  INFO 48101 --- [main] c.b.b.teams.TeamRestControllerTest       : The following profiles are active: test
2021-06-17 11:30:54.088  INFO 48101 --- [main] .s.d.r.c.RepositoryConfigurationDelegate : Bootstrapping Spring Data repositories in DEFAULT mode.
2021-06-17 11:30:54.108  INFO 48101 --- [main] .s.d.r.c.RepositoryConfigurationDelegate : Finished Spring Data repository scanning in 20ms. Found 2 repository interfaces.
2021-06-17 11:30:54.166  INFO 48101 --- [main] trationDelegate$BeanPostProcessorChecker : Bean 'org.springframework.transaction.annotation.ProxyTransactionManagementConfiguration' of type [org.springframework.transaction.annotation.ProxyTransactionManagementConfiguration$$EnhancerBySpringCGLIB$$20476b87] is not eligible for getting processed by all BeanPostProcessors (for example: not eligible for auto-proxying)
2021-06-17 11:30:54.220  INFO 48101 --- [main] com.zaxxer.hikari.HikariDataSource       : HikariPool-2 - Starting...
2021-06-17 11:30:54.235  INFO 48101 --- [main] com.zaxxer.hikari.HikariDataSource       : HikariPool-2 - Start completed.
2021-06-17 11:30:54.249  INFO 48101 --- [main] o.hibernate.jpa.internal.util.LogHelper  : HHH000204: Processing PersistenceUnitInfo [
	name: default
	...]
2021-06-17 11:30:54.256  INFO 48101 --- [main] org.hibernate.dialect.Dialect            : HHH000400: Using dialect: org.hibernate.dialect.MySQL5InnoDBDialect
2021-06-17 11:30:54.330  INFO 48101 --- [main] j.LocalContainerEntityManagerFactoryBean : Initialized JPA EntityManagerFactory for persistence unit 'default'
2021-06-17 11:30:54.415  INFO 48101 --- [main] c.b.b.teams.teamfile.TeamFileService     : PATH :: /Users/broadwave/Downloads/project/testFile/
2021-06-17 11:30:54.607  INFO 48101 --- [main] o.s.s.concurrent.ThreadPoolTaskExecutor  : Initializing ExecutorService 'applicationTaskExecutor'
2021-06-17 11:30:54.615  WARN 48101 --- [main] aWebConfiguration$JpaWebMvcConfiguration : spring.jpa.open-in-view is enabled by default. Therefore, database queries may be performed during view rendering. Explicitly configure spring.jpa.open-in-view to disable this warning
2021-06-17 11:30:54.761  INFO 48101 --- [main] o.s.b.t.m.w.SpringBootMockServletContext : Initializing Spring TestDispatcherServlet ''
2021-06-17 11:30:54.761  INFO 48101 --- [main] o.s.t.web.servlet.TestDispatcherServlet  : Initializing Servlet ''
2021-06-17 11:30:54.771  INFO 48101 --- [main] o.s.t.web.servlet.TestDispatcherServlet  : Completed initialization in 10 ms
2021-06-17 11:30:54.787  INFO 48101 --- [main] c.b.b.teams.TeamRestControllerTest       : Started TeamRestControllerTest in 0.909 seconds (JVM running for 5.765)
2021-06-17 11:30:54.855  INFO 48101 --- [main] .b.t.c.SpringBootTestContextBootstrapper : Neither @ContextConfiguration nor @ContextHierarchy found for test class [com.broadwave.backend.teams.TeamServiceTest], using SpringBootContextLoader
2021-06-17 11:30:54.856  INFO 48101 --- [main] o.s.t.c.support.AbstractContextLoader    : Could not detect default resource locations for test class [com.broadwave.backend.teams.TeamServiceTest]: no resource found for suffixes {-context.xml, Context.groovy}.
2021-06-17 11:30:54.857  INFO 48101 --- [main] t.c.s.AnnotationConfigContextLoaderUtils : Could not detect default configuration classes for test class [com.broadwave.backend.teams.TeamServiceTest]: TeamServiceTest does not declare any static, non-private, non-final, nested classes annotated with @Configuration.
2021-06-17 11:30:54.859  INFO 48101 --- [main] .b.t.c.SpringBootTestContextBootstrapper : Found @SpringBootConfiguration com.broadwave.backend.NewDealBackendApplication for test class com.broadwave.backend.teams.TeamServiceTest
2021-06-17 11:30:54.861  INFO 48101 --- [main] .b.t.c.SpringBootTestContextBootstrapper : Loaded default TestExecutionListener class names from location [META-INF/spring.factories]: [org.springframework.boot.test.mock.mockito.MockitoTestExecutionListener, org.springframework.boot.test.mock.mockito.ResetMocksTestExecutionListener, org.springframework.boot.test.autoconfigure.restdocs.RestDocsTestExecutionListener, org.springframework.boot.test.autoconfigure.web.client.MockRestServiceServerResetTestExecutionListener, org.springframework.boot.test.autoconfigure.web.servlet.MockMvcPrintOnlyOnFailureTestExecutionListener, org.springframework.boot.test.autoconfigure.web.servlet.WebDriverTestExecutionListener, org.springframework.test.context.web.ServletTestExecutionListener, org.springframework.test.context.support.DirtiesContextBeforeModesTestExecutionListener, org.springframework.test.context.support.DependencyInjectionTestExecutionListener, org.springframework.test.context.support.DirtiesContextTestExecutionListener, org.springframework.test.context.transaction.TransactionalTestExecutionListener, org.springframework.test.context.jdbc.SqlScriptsTestExecutionListener]
2021-06-17 11:30:54.861  INFO 48101 --- [main] .b.t.c.SpringBootTestContextBootstrapper : Using TestExecutionListeners: [org.springframework.test.context.web.ServletTestExecutionListener@5c40402c, org.springframework.test.context.support.DirtiesContextBeforeModesTestExecutionListener@198524ec, org.springframework.boot.test.mock.mockito.MockitoTestExecutionListener@5edaa572, org.springframework.boot.test.autoconfigure.SpringBootDependencyInjectionTestExecutionListener@1892865f, org.springframework.test.context.support.DirtiesContextTestExecutionListener@460df441, org.springframework.test.context.transaction.TransactionalTestExecutionListener@761f1a28, org.springframework.test.context.jdbc.SqlScriptsTestExecutionListener@7d65c0ac, org.springframework.boot.test.mock.mockito.ResetMocksTestExecutionListener@71c91121, org.springframework.boot.test.autoconfigure.restdocs.RestDocsTestExecutionListener@584f4ca5, org.springframework.boot.test.autoconfigure.web.client.MockRestServiceServerResetTestExecutionListener@568fd3de, org.springframework.boot.test.autoconfigure.web.servlet.MockMvcPrintOnlyOnFailureTestExecutionListener@5bc1903, org.springframework.boot.test.autoconfigure.web.servlet.WebDriverTestExecutionListener@3cc5408c]
2021-06-17 11:30:54.887  INFO 48101 --- [main] c.b.backend.teams.TeamServiceTest        : Starting TeamServiceTest on gimmingyuui-MacBookPro.local with PID 48101 (started by broadwave in /Users/broadwave/Downloads/project/newdeal-backend)
2021-06-17 11:30:54.887  INFO 48101 --- [main] c.b.backend.teams.TeamServiceTest        : The following profiles are active: test
2021-06-17 11:30:54.998  INFO 48101 --- [main] .s.d.r.c.RepositoryConfigurationDelegate : Bootstrapping Spring Data repositories in DEFAULT mode.
2021-06-17 11:30:55.015  INFO 48101 --- [main] .s.d.r.c.RepositoryConfigurationDelegate : Finished Spring Data repository scanning in 16ms. Found 2 repository interfaces.
2021-06-17 11:30:55.059  INFO 48101 --- [main] trationDelegate$BeanPostProcessorChecker : Bean 'org.springframework.transaction.annotation.ProxyTransactionManagementConfiguration' of type [org.springframework.transaction.annotation.ProxyTransactionManagementConfiguration$$EnhancerBySpringCGLIB$$20476b87] is not eligible for getting processed by all BeanPostProcessors (for example: not eligible for auto-proxying)
2021-06-17 11:30:55.129  INFO 48101 --- [main] com.zaxxer.hikari.HikariDataSource       : HikariPool-3 - Starting...
2021-06-17 11:30:55.153  INFO 48101 --- [main] com.zaxxer.hikari.HikariDataSource       : HikariPool-3 - Start completed.
2021-06-17 11:30:55.183  INFO 48101 --- [main] o.hibernate.jpa.internal.util.LogHelper  : HHH000204: Processing PersistenceUnitInfo [
	name: default
	...]
2021-06-17 11:30:55.190  INFO 48101 --- [main] org.hibernate.dialect.Dialect            : HHH000400: Using dialect: org.hibernate.dialect.MySQL5InnoDBDialect
2021-06-17 11:30:55.267  INFO 48101 --- [main] j.LocalContainerEntityManagerFactoryBean : Initialized JPA EntityManagerFactory for persistence unit 'default'
2021-06-17 11:30:55.331  INFO 48101 --- [main] c.b.b.teams.teamfile.TeamFileService     : PATH :: /Users/broadwave/Downloads/project/testFile/
2021-06-17 11:30:55.557  INFO 48101 --- [main] o.s.s.concurrent.ThreadPoolTaskExecutor  : Initializing ExecutorService 'applicationTaskExecutor'
2021-06-17 11:30:55.565  WARN 48101 --- [main] aWebConfiguration$JpaWebMvcConfiguration : spring.jpa.open-in-view is enabled by default. Therefore, database queries may be performed during view rendering. Explicitly configure spring.jpa.open-in-view to disable this warning
2021-06-17 11:30:55.695  INFO 48101 --- [main] c.b.backend.teams.TeamServiceTest        : Started TeamServiceTest in 0.83 seconds (JVM running for 6.673)
2021-06-17 11:30:55.897  INFO 48101 --- [main] o.h.h.i.QueryTranslatorFactoryInitiator  : HHH000397: Using ASTQueryTranslatorFactory
2021-06-17 11:30:56.108  INFO 48101 --- [Thread-6] o.s.s.concurrent.ThreadPoolTaskExecutor  : Shutting down ExecutorService 'applicationTaskExecutor'
2021-06-17 11:30:56.108  INFO 48101 --- [Thread-4] o.s.s.concurrent.ThreadPoolTaskExecutor  : Shutting down ExecutorService 'applicationTaskExecutor'
2021-06-17 11:30:56.108  INFO 48101 --- [Thread-1] o.s.s.concurrent.ThreadPoolTaskExecutor  : Shutting down ExecutorService 'applicationTaskExecutor'
2021-06-17 11:30:56.112  INFO 48101 --- [Thread-4] j.LocalContainerEntityManagerFactoryBean : Closing JPA EntityManagerFactory for persistence unit 'default'
2021-06-17 11:30:56.112  INFO 48101 --- [Thread-1] j.LocalContainerEntityManagerFactoryBean : Closing JPA EntityManagerFactory for persistence unit 'default'
2021-06-17 11:30:56.112  INFO 48101 --- [Thread-6] j.LocalContainerEntityManagerFactoryBean : Closing JPA EntityManagerFactory for persistence unit 'default'
2021-06-17 11:30:56.116  INFO 48101 --- [Thread-4] com.zaxxer.hikari.HikariDataSource       : HikariPool-2 - Shutdown initiated...
2021-06-17 11:30:56.116  INFO 48101 --- [Thread-1] com.zaxxer.hikari.HikariDataSource       : HikariPool-1 - Shutdown initiated...
2021-06-17 11:30:56.116  INFO 48101 --- [Thread-6] com.zaxxer.hikari.HikariDataSource       : HikariPool-3 - Shutdown initiated...
2021-06-17 11:30:56.157  INFO 48101 --- [Thread-1] com.zaxxer.hikari.HikariDataSource       : HikariPool-1 - Shutdown completed.
2021-06-17 11:30:56.157  INFO 48101 --- [Thread-4] com.zaxxer.hikari.HikariDataSource       : HikariPool-2 - Shutdown completed.
2021-06-17 11:30:56.157  INFO 48101 --- [Thread-6] com.zaxxer.hikari.HikariDataSource       : HikariPool-3 - Shutdown completed.
2021-06-17 11:31:13.385  INFO 48132 --- [main] c.b.backend.InfraBackendApplicationTest  : Starting InfraBackendApplicationTest on gimmingyuui-MacBookPro.local with PID 48132 (started by broadwave in /Users/broadwave/Downloads/project/newdeal-backend)
2021-06-17 11:31:13.387  INFO 48132 --- [main] c.b.backend.InfraBackendApplicationTest  : No active profile set, falling back to default profiles: default
2021-06-17 11:31:14.063  INFO 48132 --- [main] .s.d.r.c.RepositoryConfigurationDelegate : Bootstrapping Spring Data repositories in DEFAULT mode.
2021-06-17 11:31:14.143  INFO 48132 --- [main] .s.d.r.c.RepositoryConfigurationDelegate : Finished Spring Data repository scanning in 72ms. Found 2 repository interfaces.
2021-06-17 11:31:14.523  INFO 48132 --- [main] trationDelegate$BeanPostProcessorChecker : Bean 'org.springframework.transaction.annotation.ProxyTransactionManagementConfiguration' of type [org.springframework.transaction.annotation.ProxyTransactionManagementConfiguration$$EnhancerBySpringCGLIB$$63f01377] is not eligible for getting processed by all BeanPostProcessors (for example: not eligible for auto-proxying)
2021-06-17 11:31:14.708  INFO 48132 --- [main] com.zaxxer.hikari.HikariDataSource       : HikariPool-1 - Starting...
2021-06-17 11:31:14.796  INFO 48132 --- [main] com.zaxxer.hikari.HikariDataSource       : HikariPool-1 - Start completed.
2021-06-17 11:31:14.864  INFO 48132 --- [main] o.hibernate.jpa.internal.util.LogHelper  : HHH000204: Processing PersistenceUnitInfo [
	name: default
	...]
2021-06-17 11:31:14.930  INFO 48132 --- [main] org.hibernate.Version                    : HHH000412: Hibernate Core {5.3.7.Final}
2021-06-17 11:31:14.932  INFO 48132 --- [main] org.hibernate.cfg.Environment            : HHH000206: hibernate.properties not found
2021-06-17 11:31:15.100  INFO 48132 --- [main] o.hibernate.annotations.common.Version   : HCANN000001: Hibernate Commons Annotations {5.0.4.Final}
2021-06-17 11:31:15.225  INFO 48132 --- [main] org.hibernate.dialect.Dialect            : HHH000400: Using dialect: org.hibernate.dialect.MySQL5InnoDBDialect
2021-06-17 11:31:15.902  INFO 48132 --- [main] j.LocalContainerEntityManagerFactoryBean : Initialized JPA EntityManagerFactory for persistence unit 'default'
2021-06-17 11:31:16.434  INFO 48132 --- [main] c.b.b.teams.teamfile.TeamFileService     : PATH :: /Users/broadwave/Downloads/project/testFile/
2021-06-17 11:31:16.904  INFO 48132 --- [main] o.s.s.concurrent.ThreadPoolTaskExecutor  : Initializing ExecutorService 'applicationTaskExecutor'
2021-06-17 11:31:16.950  WARN 48132 --- [main] aWebConfiguration$JpaWebMvcConfiguration : spring.jpa.open-in-view is enabled by default. Therefore, database queries may be performed during view rendering. Explicitly configure spring.jpa.open-in-view to disable this warning
2021-06-17 11:31:17.196  INFO 48132 --- [main] c.b.backend.InfraBackendApplicationTest  : Started InfraBackendApplicationTest in 4.204 seconds (JVM running for 5.179)
2021-06-17 11:31:17.278  INFO 48132 --- [main] .b.t.c.SpringBootTestContextBootstrapper : Neither @ContextConfiguration nor @ContextHierarchy found for test class [com.broadwave.backend.teams.TeamRestControllerTest], using SpringBootContextLoader
2021-06-17 11:31:17.279  INFO 48132 --- [main] o.s.t.c.support.AbstractContextLoader    : Could not detect default resource locations for test class [com.broadwave.backend.teams.TeamRestControllerTest]: no resource found for suffixes {-context.xml, Context.groovy}.
2021-06-17 11:31:17.279  INFO 48132 --- [main] t.c.s.AnnotationConfigContextLoaderUtils : Could not detect default configuration classes for test class [com.broadwave.backend.teams.TeamRestControllerTest]: TeamRestControllerTest does not declare any static, non-private, non-final, nested classes annotated with @Configuration.
2021-06-17 11:31:17.300  INFO 48132 --- [main] .b.t.c.SpringBootTestContextBootstrapper : Found @SpringBootConfiguration com.broadwave.backend.NewDealBackendApplication for test class com.broadwave.backend.teams.TeamRestControllerTest
2021-06-17 11:31:17.302  INFO 48132 --- [main] .b.t.c.SpringBootTestContextBootstrapper : Loaded default TestExecutionListener class names from location [META-INF/spring.factories]: [org.springframework.boot.test.mock.mockito.MockitoTestExecutionListener, org.springframework.boot.test.mock.mockito.ResetMocksTestExecutionListener, org.springframework.boot.test.autoconfigure.restdocs.RestDocsTestExecutionListener, org.springframework.boot.test.autoconfigure.web.client.MockRestServiceServerResetTestExecutionListener, org.springframework.boot.test.autoconfigure.web.servlet.MockMvcPrintOnlyOnFailureTestExecutionListener, org.springframework.boot.test.autoconfigure.web.servlet.WebDriverTestExecutionListener, org.springframework.test.context.web.ServletTestExecutionListener, org.springframework.test.context.support.DirtiesContextBeforeModesTestExecutionListener, org.springframework.test.context.support.DependencyInjectionTestExecutionListener, org.springframework.test.context.support.DirtiesContextTestExecutionListener, org.springframework.test.context.transaction.TransactionalTestExecutionListener, org.springframework.test.context.jdbc.SqlScriptsTestExecutionListener]
2021-06-17 11:31:17.302  INFO 48132 --- [main] .b.t.c.SpringBootTestContextBootstrapper : Using TestExecutionListeners: [org.springframework.test.context.web.ServletTestExecutionListener@206b959c, org.springframework.test.context.support.DirtiesContextBeforeModesTestExecutionListener@74026b18, org.springframework.boot.test.mock.mockito.MockitoTestExecutionListener@1cc81ea1, org.springframework.boot.test.autoconfigure.SpringBootDependencyInjectionTestExecutionListener@5cf1bbd3, org.springframework.test.context.support.DirtiesContextTestExecutionListener@204a02a4, org.springframework.test.context.transaction.TransactionalTestExecutionListener@4777f71e, org.springframework.test.context.jdbc.SqlScriptsTestExecutionListener@1b96d447, org.springframework.boot.test.mock.mockito.ResetMocksTestExecutionListener@4a68cbc5, org.springframework.boot.test.autoconfigure.restdocs.RestDocsTestExecutionListener@3a47bf0e, org.springframework.boot.test.autoconfigure.web.client.MockRestServiceServerResetTestExecutionListener@4270705f, org.springframework.boot.test.autoconfigure.web.servlet.MockMvcPrintOnlyOnFailureTestExecutionListener@6f69b0ba, org.springframework.boot.test.autoconfigure.web.servlet.WebDriverTestExecutionListener@63537871]
2021-06-17 11:31:17.326  INFO 48132 --- [main] c.b.b.teams.TeamRestControllerTest       : Starting TeamRestControllerTest on gimmingyuui-MacBookPro.local with PID 48132 (started by broadwave in /Users/broadwave/Downloads/project/newdeal-backend)
2021-06-17 11:31:17.327  INFO 48132 --- [main] c.b.b.teams.TeamRestControllerTest       : The following profiles are active: test
2021-06-17 11:31:17.541  INFO 48132 --- [main] .s.d.r.c.RepositoryConfigurationDelegate : Bootstrapping Spring Data repositories in DEFAULT mode.
2021-06-17 11:31:17.563  INFO 48132 --- [main] .s.d.r.c.RepositoryConfigurationDelegate : Finished Spring Data repository scanning in 21ms. Found 2 repository interfaces.
2021-06-17 11:31:17.626  INFO 48132 --- [main] trationDelegate$BeanPostProcessorChecker : Bean 'org.springframework.transaction.annotation.ProxyTransactionManagementConfiguration' of type [org.springframework.transaction.annotation.ProxyTransactionManagementConfiguration$$EnhancerBySpringCGLIB$$63f01377] is not eligible for getting processed by all BeanPostProcessors (for example: not eligible for auto-proxying)
2021-06-17 11:31:17.682  INFO 48132 --- [main] com.zaxxer.hikari.HikariDataSource       : HikariPool-2 - Starting...
2021-06-17 11:31:17.705  INFO 48132 --- [main] com.zaxxer.hikari.HikariDataSource       : HikariPool-2 - Start completed.
2021-06-17 11:31:17.718  INFO 48132 --- [main] o.hibernate.jpa.internal.util.LogHelper  : HHH000204: Processing PersistenceUnitInfo [
	name: default
	...]
2021-06-17 11:31:17.723  INFO 48132 --- [main] org.hibernate.dialect.Dialect            : HHH000400: Using dialect: org.hibernate.dialect.MySQL5InnoDBDialect
2021-06-17 11:31:17.803  INFO 48132 --- [main] j.LocalContainerEntityManagerFactoryBean : Initialized JPA EntityManagerFactory for persistence unit 'default'
2021-06-17 11:31:17.890  INFO 48132 --- [main] c.b.b.teams.teamfile.TeamFileService     : PATH :: /Users/broadwave/Downloads/project/testFile/
2021-06-17 11:31:18.095  INFO 48132 --- [main] o.s.s.concurrent.ThreadPoolTaskExecutor  : Initializing ExecutorService 'applicationTaskExecutor'
2021-06-17 11:31:18.105  WARN 48132 --- [main] aWebConfiguration$JpaWebMvcConfiguration : spring.jpa.open-in-view is enabled by default. Therefore, database queries may be performed during view rendering. Explicitly configure spring.jpa.open-in-view to disable this warning
2021-06-17 11:31:18.269  INFO 48132 --- [main] o.s.b.t.m.w.SpringBootMockServletContext : Initializing Spring TestDispatcherServlet ''
2021-06-17 11:31:18.269  INFO 48132 --- [main] o.s.t.web.servlet.TestDispatcherServlet  : Initializing Servlet ''
2021-06-17 11:31:18.280  INFO 48132 --- [main] o.s.t.web.servlet.TestDispatcherServlet  : Completed initialization in 11 ms
2021-06-17 11:31:18.293  INFO 48132 --- [main] c.b.b.teams.TeamRestControllerTest       : Started TeamRestControllerTest in 0.987 seconds (JVM running for 6.276)
2021-06-17 11:31:18.351  INFO 48132 --- [main] .b.t.c.SpringBootTestContextBootstrapper : Neither @ContextConfiguration nor @ContextHierarchy found for test class [com.broadwave.backend.teams.TeamServiceTest], using SpringBootContextLoader
2021-06-17 11:31:18.352  INFO 48132 --- [main] o.s.t.c.support.AbstractContextLoader    : Could not detect default resource locations for test class [com.broadwave.backend.teams.TeamServiceTest]: no resource found for suffixes {-context.xml, Context.groovy}.
2021-06-17 11:31:18.352  INFO 48132 --- [main] t.c.s.AnnotationConfigContextLoaderUtils : Could not detect default configuration classes for test class [com.broadwave.backend.teams.TeamServiceTest]: TeamServiceTest does not declare any static, non-private, non-final, nested classes annotated with @Configuration.
2021-06-17 11:31:18.353  INFO 48132 --- [main] .b.t.c.SpringBootTestContextBootstrapper : Found @SpringBootConfiguration com.broadwave.backend.NewDealBackendApplication for test class com.broadwave.backend.teams.TeamServiceTest
2021-06-17 11:31:18.354  INFO 48132 --- [main] .b.t.c.SpringBootTestContextBootstrapper : Loaded default TestExecutionListener class names from location [META-INF/spring.factories]: [org.springframework.boot.test.mock.mockito.MockitoTestExecutionListener, org.springframework.boot.test.mock.mockito.ResetMocksTestExecutionListener, org.springframework.boot.test.autoconfigure.restdocs.RestDocsTestExecutionListener, org.springframework.boot.test.autoconfigure.web.client.MockRestServiceServerResetTestExecutionListener, org.springframework.boot.test.autoconfigure.web.servlet.MockMvcPrintOnlyOnFailureTestExecutionListener, org.springframework.boot.test.autoconfigure.web.servlet.WebDriverTestExecutionListener, org.springframework.test.context.web.ServletTestExecutionListener, org.springframework.test.context.support.DirtiesContextBeforeModesTestExecutionListener, org.springframework.test.context.support.DependencyInjectionTestExecutionListener, org.springframework.test.context.support.DirtiesContextTestExecutionListener, org.springframework.test.context.transaction.TransactionalTestExecutionListener, org.springframework.test.context.jdbc.SqlScriptsTestExecutionListener]
2021-06-17 11:31:18.355  INFO 48132 --- [main] .b.t.c.SpringBootTestContextBootstrapper : Using TestExecutionListeners: [org.springframework.test.context.web.ServletTestExecutionListener@584f4ca5, org.springframework.test.context.support.DirtiesContextBeforeModesTestExecutionListener@568fd3de, org.springframework.boot.test.mock.mockito.MockitoTestExecutionListener@5bc1903, org.springframework.boot.test.autoconfigure.SpringBootDependencyInjectionTestExecutionListener@3cc5408c, org.springframework.test.context.support.DirtiesContextTestExecutionListener@1ecd09d5, org.springframework.test.context.transaction.TransactionalTestExecutionListener@36f438f1, org.springframework.test.context.jdbc.SqlScriptsTestExecutionListener@53654b2d, org.springframework.boot.test.mock.mockito.ResetMocksTestExecutionListener@45b2b0ed, org.springframework.boot.test.autoconfigure.restdocs.RestDocsTestExecutionListener@33478a2f, org.springframework.boot.test.autoconfigure.web.client.MockRestServiceServerResetTestExecutionListener@24e31f06, org.springframework.boot.test.autoconfigure.web.servlet.MockMvcPrintOnlyOnFailureTestExecutionListener@5d260494, org.springframework.boot.test.autoconfigure.web.servlet.WebDriverTestExecutionListener@d43f205]
2021-06-17 11:31:18.380  INFO 48132 --- [main] c.b.backend.teams.TeamServiceTest        : Starting TeamServiceTest on gimmingyuui-MacBookPro.local with PID 48132 (started by broadwave in /Users/broadwave/Downloads/project/newdeal-backend)
2021-06-17 11:31:18.380  INFO 48132 --- [main] c.b.backend.teams.TeamServiceTest        : The following profiles are active: test
2021-06-17 11:31:18.505  INFO 48132 --- [main] .s.d.r.c.RepositoryConfigurationDelegate : Bootstrapping Spring Data repositories in DEFAULT mode.
2021-06-17 11:31:18.520  INFO 48132 --- [main] .s.d.r.c.RepositoryConfigurationDelegate : Finished Spring Data repository scanning in 15ms. Found 2 repository interfaces.
2021-06-17 11:31:18.564  INFO 48132 --- [main] trationDelegate$BeanPostProcessorChecker : Bean 'org.springframework.transaction.annotation.ProxyTransactionManagementConfiguration' of type [org.springframework.transaction.annotation.ProxyTransactionManagementConfiguration$$EnhancerBySpringCGLIB$$63f01377] is not eligible for getting processed by all BeanPostProcessors (for example: not eligible for auto-proxying)
2021-06-17 11:31:18.636  INFO 48132 --- [main] com.zaxxer.hikari.HikariDataSource       : HikariPool-3 - Starting...
2021-06-17 11:31:18.658  INFO 48132 --- [main] com.zaxxer.hikari.HikariDataSource       : HikariPool-3 - Start completed.
2021-06-17 11:31:18.685  INFO 48132 --- [main] o.hibernate.jpa.internal.util.LogHelper  : HHH000204: Processing PersistenceUnitInfo [
	name: default
	...]
2021-06-17 11:31:18.690  INFO 48132 --- [main] org.hibernate.dialect.Dialect            : HHH000400: Using dialect: org.hibernate.dialect.MySQL5InnoDBDialect
2021-06-17 11:31:18.761  INFO 48132 --- [main] j.LocalContainerEntityManagerFactoryBean : Initialized JPA EntityManagerFactory for persistence unit 'default'
2021-06-17 11:31:18.838  INFO 48132 --- [main] c.b.b.teams.teamfile.TeamFileService     : PATH :: /Users/broadwave/Downloads/project/testFile/
2021-06-17 11:31:19.039  INFO 48132 --- [main] o.s.s.concurrent.ThreadPoolTaskExecutor  : Initializing ExecutorService 'applicationTaskExecutor'
2021-06-17 11:31:19.051  WARN 48132 --- [main] aWebConfiguration$JpaWebMvcConfiguration : spring.jpa.open-in-view is enabled by default. Therefore, database queries may be performed during view rendering. Explicitly configure spring.jpa.open-in-view to disable this warning
2021-06-17 11:31:19.190  INFO 48132 --- [main] c.b.backend.teams.TeamServiceTest        : Started TeamServiceTest in 0.833 seconds (JVM running for 7.173)
2021-06-17 11:31:19.383  INFO 48132 --- [main] o.h.h.i.QueryTranslatorFactoryInitiator  : HHH000397: Using ASTQueryTranslatorFactory
2021-06-17 11:31:19.591  INFO 48132 --- [Thread-6] o.s.s.concurrent.ThreadPoolTaskExecutor  : Shutting down ExecutorService 'applicationTaskExecutor'
2021-06-17 11:31:19.591  INFO 48132 --- [Thread-4] o.s.s.concurrent.ThreadPoolTaskExecutor  : Shutting down ExecutorService 'applicationTaskExecutor'
2021-06-17 11:31:19.591  INFO 48132 --- [Thread-1] o.s.s.concurrent.ThreadPoolTaskExecutor  : Shutting down ExecutorService 'applicationTaskExecutor'
2021-06-17 11:31:19.593  INFO 48132 --- [Thread-1] j.LocalContainerEntityManagerFactoryBean : Closing JPA EntityManagerFactory for persistence unit 'default'
2021-06-17 11:31:19.593  INFO 48132 --- [Thread-4] j.LocalContainerEntityManagerFactoryBean : Closing JPA EntityManagerFactory for persistence unit 'default'
2021-06-17 11:31:19.593  INFO 48132 --- [Thread-6] j.LocalContainerEntityManagerFactoryBean : Closing JPA EntityManagerFactory for persistence unit 'default'
2021-06-17 11:31:19.596  INFO 48132 --- [Thread-4] com.zaxxer.hikari.HikariDataSource       : HikariPool-2 - Shutdown initiated...
2021-06-17 11:31:19.596  INFO 48132 --- [Thread-6] com.zaxxer.hikari.HikariDataSource       : HikariPool-3 - Shutdown initiated...
2021-06-17 11:31:19.596  INFO 48132 --- [Thread-1] com.zaxxer.hikari.HikariDataSource       : HikariPool-1 - Shutdown initiated...
2021-06-17 11:31:19.643  INFO 48132 --- [Thread-1] com.zaxxer.hikari.HikariDataSource       : HikariPool-1 - Shutdown completed.
2021-06-17 11:31:19.644  INFO 48132 --- [Thread-6] com.zaxxer.hikari.HikariDataSource       : HikariPool-3 - Shutdown completed.
2021-06-17 11:31:19.645  INFO 48132 --- [Thread-4] com.zaxxer.hikari.HikariDataSource       : HikariPool-2 - Shutdown completed.
